{
  "uid" : "f182b210cf584109",
  "name" : "Sorting products in ascended mode.",
  "fullName" : "automation_practice.Tests.sortProductsPriceASC",
  "historyId" : "251ac866d648d04bb0b332cee44a8583",
  "time" : {
    "start" : 1607255360166,
    "stop" : 1607255360170,
    "duration" : 4
  },
  "status" : "skipped",
  "statusMessage" : "session not created: This version of ChromeDriver only supports Chrome version 85\nBuild info: version: '3.141.59', revision: 'e82be7d358', time: '2018-11-14T08:17:03'\nSystem info: host: 'MacBook-Pro-Adrian.local', ip: '2a02:a312:613c:e880:9d1e:94e4:7e2f:7dfb%en0', os.name: 'Mac OS X', os.arch: 'x86_64', os.version: '10.15.7', java.version: '11.0.8'\nDriver info: driver.version: ChromeDriver\nremote stacktrace: 0   chromedriver                        0x000000010989d1b9 chromedriver + 4911545\n1   chromedriver                        0x000000010983ce03 chromedriver + 4517379\n2   chromedriver                        0x00000001094aadc6 chromedriver + 773574\n3   chromedriver                        0x0000000109406452 chromedriver + 99410\n4   chromedriver                        0x0000000109402d6f chromedriver + 85359\n5   chromedriver                        0x0000000109431716 chromedriver + 276246\n6   chromedriver                        0x000000010942e723 chromedriver + 263971\n7   chromedriver                        0x0000000109408720 chromedriver + 108320\n8   chromedriver                        0x0000000109409693 chromedriver + 112275\n9   chromedriver                        0x0000000109865f72 chromedriver + 4685682\n10  chromedriver                        0x0000000109873b3a chromedriver + 4741946\n11  chromedriver                        0x0000000109873801 chromedriver + 4741121\n12  chromedriver                        0x000000010984925e chromedriver + 4567646\n13  chromedriver                        0x0000000109874061 chromedriver + 4743265\n14  chromedriver                        0x000000010985ad0a chromedriver + 4640010\n15  chromedriver                        0x000000010988d0ba chromedriver + 4845754\n16  chromedriver                        0x00000001098a3387 chromedriver + 4936583\n17  libsystem_pthread.dylib             0x00007fff6ed02109 _pthread_start + 148\n18  libsystem_pthread.dylib             0x00007fff6ecfdb8b thread_start + 15\n",
  "statusTrace" : "org.openqa.selenium.SessionNotCreatedException: session not created: This version of ChromeDriver only supports Chrome version 85\nBuild info: version: '3.141.59', revision: 'e82be7d358', time: '2018-11-14T08:17:03'\nSystem info: host: 'MacBook-Pro-Adrian.local', ip: '2a02:a312:613c:e880:9d1e:94e4:7e2f:7dfb%en0', os.name: 'Mac OS X', os.arch: 'x86_64', os.version: '10.15.7', java.version: '11.0.8'\nDriver info: driver.version: ChromeDriver\nremote stacktrace: 0   chromedriver                        0x000000010989d1b9 chromedriver + 4911545\n1   chromedriver                        0x000000010983ce03 chromedriver + 4517379\n2   chromedriver                        0x00000001094aadc6 chromedriver + 773574\n3   chromedriver                        0x0000000109406452 chromedriver + 99410\n4   chromedriver                        0x0000000109402d6f chromedriver + 85359\n5   chromedriver                        0x0000000109431716 chromedriver + 276246\n6   chromedriver                        0x000000010942e723 chromedriver + 263971\n7   chromedriver                        0x0000000109408720 chromedriver + 108320\n8   chromedriver                        0x0000000109409693 chromedriver + 112275\n9   chromedriver                        0x0000000109865f72 chromedriver + 4685682\n10  chromedriver                        0x0000000109873b3a chromedriver + 4741946\n11  chromedriver                        0x0000000109873801 chromedriver + 4741121\n12  chromedriver                        0x000000010984925e chromedriver + 4567646\n13  chromedriver                        0x0000000109874061 chromedriver + 4743265\n14  chromedriver                        0x000000010985ad0a chromedriver + 4640010\n15  chromedriver                        0x000000010988d0ba chromedriver + 4845754\n16  chromedriver                        0x00000001098a3387 chromedriver + 4936583\n17  libsystem_pthread.dylib             0x00007fff6ed02109 _pthread_start + 148\n18  libsystem_pthread.dylib             0x00007fff6ecfdb8b thread_start + 15\n\n\tat java.base/jdk.internal.reflect.NativeConstructorAccessorImpl.newInstance0(Native Method)\n\tat java.base/jdk.internal.reflect.NativeConstructorAccessorImpl.newInstance(NativeConstructorAccessorImpl.java:62)\n\tat java.base/jdk.internal.reflect.DelegatingConstructorAccessorImpl.newInstance(DelegatingConstructorAccessorImpl.java:45)\n\tat java.base/java.lang.reflect.Constructor.newInstance(Constructor.java:490)\n\tat org.openqa.selenium.remote.W3CHandshakeResponse.lambda$errorHandler$0(W3CHandshakeResponse.java:62)\n\tat org.openqa.selenium.remote.HandshakeResponse.lambda$getResponseFunction$0(HandshakeResponse.java:30)\n\tat org.openqa.selenium.remote.ProtocolHandshake.lambda$createSession$0(ProtocolHandshake.java:126)\n\tat java.base/java.util.stream.ReferencePipeline$3$1.accept(ReferencePipeline.java:195)\n\tat java.base/java.util.Spliterators$ArraySpliterator.tryAdvance(Spliterators.java:958)\n\tat java.base/java.util.stream.ReferencePipeline.forEachWithCancel(ReferencePipeline.java:127)\n\tat java.base/java.util.stream.AbstractPipeline.copyIntoWithCancel(AbstractPipeline.java:502)\n\tat java.base/java.util.stream.AbstractPipeline.copyInto(AbstractPipeline.java:488)\n\tat java.base/java.util.stream.AbstractPipeline.wrapAndCopyInto(AbstractPipeline.java:474)\n\tat java.base/java.util.stream.FindOps$FindOp.evaluateSequential(FindOps.java:150)\n\tat java.base/java.util.stream.AbstractPipeline.evaluate(AbstractPipeline.java:234)\n\tat java.base/java.util.stream.ReferencePipeline.findFirst(ReferencePipeline.java:543)\n\tat org.openqa.selenium.remote.ProtocolHandshake.createSession(ProtocolHandshake.java:128)\n\tat org.openqa.selenium.remote.ProtocolHandshake.createSession(ProtocolHandshake.java:74)\n\tat org.openqa.selenium.remote.HttpCommandExecutor.execute(HttpCommandExecutor.java:136)\n\tat org.openqa.selenium.remote.service.DriverCommandExecutor.execute(DriverCommandExecutor.java:83)\n\tat org.openqa.selenium.remote.RemoteWebDriver.execute(RemoteWebDriver.java:552)\n\tat org.openqa.selenium.remote.RemoteWebDriver.startSession(RemoteWebDriver.java:213)\n\tat org.openqa.selenium.remote.RemoteWebDriver.<init>(RemoteWebDriver.java:131)\n\tat org.openqa.selenium.chrome.ChromeDriver.<init>(ChromeDriver.java:181)\n\tat org.openqa.selenium.chrome.ChromeDriver.<init>(ChromeDriver.java:168)\n\tat org.openqa.selenium.chrome.ChromeDriver.<init>(ChromeDriver.java:157)\n\tat lib.manager.driver_manager.ChromeDriverManager.createWebDriver(ChromeDriverManager.java:12)\n\tat lib.manager.driver_manager.DriverManager.getWebDriver(DriverManager.java:19)\n\tat lib.test_setup.TestSetup.setUpSuite(TestSetup.java:31)\n\tat java.base/jdk.internal.reflect.NativeMethodAccessorImpl.invoke0(Native Method)\n\tat java.base/jdk.internal.reflect.NativeMethodAccessorImpl.invoke(NativeMethodAccessorImpl.java:62)\n\tat java.base/jdk.internal.reflect.DelegatingMethodAccessorImpl.invoke(DelegatingMethodAccessorImpl.java:43)\n\tat java.base/java.lang.reflect.Method.invoke(Method.java:566)\n\tat org.testng.internal.MethodInvocationHelper.invokeMethod(MethodInvocationHelper.java:133)\n\tat org.testng.internal.MethodInvocationHelper.invokeMethodConsideringTimeout(MethodInvocationHelper.java:62)\n\tat org.testng.internal.ConfigInvoker.invokeConfigurationMethod(ConfigInvoker.java:340)\n\tat org.testng.internal.ConfigInvoker.invokeConfigurations(ConfigInvoker.java:294)\n\tat org.testng.SuiteRunner.privateRun(SuiteRunner.java:345)\n\tat org.testng.SuiteRunner.run(SuiteRunner.java:304)\n\tat org.testng.SuiteRunnerWorker.runSuite(SuiteRunnerWorker.java:53)\n\tat org.testng.SuiteRunnerWorker.run(SuiteRunnerWorker.java:96)\n\tat org.testng.TestNG.runSuitesSequentially(TestNG.java:1180)\n\tat org.testng.TestNG.runSuitesLocally(TestNG.java:1102)\n\tat org.testng.TestNG.runSuites(TestNG.java:1032)\n\tat org.testng.TestNG.run(TestNG.java:1000)\n\tat com.intellij.rt.testng.IDEARemoteTestNG.run(IDEARemoteTestNG.java:66)\n\tat com.intellij.rt.testng.RemoteTestNGStarter.main(RemoteTestNGStarter.java:109)\n",
  "flaky" : false,
  "newFailed" : false,
  "beforeStages" : [ {
    "name" : "setUpTest",
    "time" : {
      "start" : 1607255360161,
      "stop" : 1607255360161,
      "duration" : 0
    },
    "description" : "",
    "status" : "broken",
    "steps" : [ ],
    "attachments" : [ ],
    "parameters" : [ ],
    "stepsCount" : 0,
    "attachmentsCount" : 0,
    "shouldDisplayMessage" : false,
    "hasContent" : false
  }, {
    "name" : "setUpSuite",
    "time" : {
      "start" : 1607255352498,
      "stop" : 1607255359891,
      "duration" : 7393
    },
    "description" : "",
    "status" : "broken",
    "statusMessage" : "session not created: This version of ChromeDriver only supports Chrome version 85\nBuild info: version: '3.141.59', revision: 'e82be7d358', time: '2018-11-14T08:17:03'\nSystem info: host: 'MacBook-Pro-Adrian.local', ip: '2a02:a312:613c:e880:9d1e:94e4:7e2f:7dfb%en0', os.name: 'Mac OS X', os.arch: 'x86_64', os.version: '10.15.7', java.version: '11.0.8'\nDriver info: driver.version: ChromeDriver\nremote stacktrace: 0   chromedriver                        0x000000010989d1b9 chromedriver + 4911545\n1   chromedriver                        0x000000010983ce03 chromedriver + 4517379\n2   chromedriver                        0x00000001094aadc6 chromedriver + 773574\n3   chromedriver                        0x0000000109406452 chromedriver + 99410\n4   chromedriver                        0x0000000109402d6f chromedriver + 85359\n5   chromedriver                        0x0000000109431716 chromedriver + 276246\n6   chromedriver                        0x000000010942e723 chromedriver + 263971\n7   chromedriver                        0x0000000109408720 chromedriver + 108320\n8   chromedriver                        0x0000000109409693 chromedriver + 112275\n9   chromedriver                        0x0000000109865f72 chromedriver + 4685682\n10  chromedriver                        0x0000000109873b3a chromedriver + 4741946\n11  chromedriver                        0x0000000109873801 chromedriver + 4741121\n12  chromedriver                        0x000000010984925e chromedriver + 4567646\n13  chromedriver                        0x0000000109874061 chromedriver + 4743265\n14  chromedriver                        0x000000010985ad0a chromedriver + 4640010\n15  chromedriver                        0x000000010988d0ba chromedriver + 4845754\n16  chromedriver                        0x00000001098a3387 chromedriver + 4936583\n17  libsystem_pthread.dylib             0x00007fff6ed02109 _pthread_start + 148\n18  libsystem_pthread.dylib             0x00007fff6ecfdb8b thread_start + 15\n",
    "statusTrace" : "org.openqa.selenium.SessionNotCreatedException: session not created: This version of ChromeDriver only supports Chrome version 85\nBuild info: version: '3.141.59', revision: 'e82be7d358', time: '2018-11-14T08:17:03'\nSystem info: host: 'MacBook-Pro-Adrian.local', ip: '2a02:a312:613c:e880:9d1e:94e4:7e2f:7dfb%en0', os.name: 'Mac OS X', os.arch: 'x86_64', os.version: '10.15.7', java.version: '11.0.8'\nDriver info: driver.version: ChromeDriver\nremote stacktrace: 0   chromedriver                        0x000000010989d1b9 chromedriver + 4911545\n1   chromedriver                        0x000000010983ce03 chromedriver + 4517379\n2   chromedriver                        0x00000001094aadc6 chromedriver + 773574\n3   chromedriver                        0x0000000109406452 chromedriver + 99410\n4   chromedriver                        0x0000000109402d6f chromedriver + 85359\n5   chromedriver                        0x0000000109431716 chromedriver + 276246\n6   chromedriver                        0x000000010942e723 chromedriver + 263971\n7   chromedriver                        0x0000000109408720 chromedriver + 108320\n8   chromedriver                        0x0000000109409693 chromedriver + 112275\n9   chromedriver                        0x0000000109865f72 chromedriver + 4685682\n10  chromedriver                        0x0000000109873b3a chromedriver + 4741946\n11  chromedriver                        0x0000000109873801 chromedriver + 4741121\n12  chromedriver                        0x000000010984925e chromedriver + 4567646\n13  chromedriver                        0x0000000109874061 chromedriver + 4743265\n14  chromedriver                        0x000000010985ad0a chromedriver + 4640010\n15  chromedriver                        0x000000010988d0ba chromedriver + 4845754\n16  chromedriver                        0x00000001098a3387 chromedriver + 4936583\n17  libsystem_pthread.dylib             0x00007fff6ed02109 _pthread_start + 148\n18  libsystem_pthread.dylib             0x00007fff6ecfdb8b thread_start + 15\n\n\tat java.base/jdk.internal.reflect.NativeConstructorAccessorImpl.newInstance0(Native Method)\n\tat java.base/jdk.internal.reflect.NativeConstructorAccessorImpl.newInstance(NativeConstructorAccessorImpl.java:62)\n\tat java.base/jdk.internal.reflect.DelegatingConstructorAccessorImpl.newInstance(DelegatingConstructorAccessorImpl.java:45)\n\tat java.base/java.lang.reflect.Constructor.newInstance(Constructor.java:490)\n\tat org.openqa.selenium.remote.W3CHandshakeResponse.lambda$errorHandler$0(W3CHandshakeResponse.java:62)\n\tat org.openqa.selenium.remote.HandshakeResponse.lambda$getResponseFunction$0(HandshakeResponse.java:30)\n\tat org.openqa.selenium.remote.ProtocolHandshake.lambda$createSession$0(ProtocolHandshake.java:126)\n\tat java.base/java.util.stream.ReferencePipeline$3$1.accept(ReferencePipeline.java:195)\n\tat java.base/java.util.Spliterators$ArraySpliterator.tryAdvance(Spliterators.java:958)\n\tat java.base/java.util.stream.ReferencePipeline.forEachWithCancel(ReferencePipeline.java:127)\n\tat java.base/java.util.stream.AbstractPipeline.copyIntoWithCancel(AbstractPipeline.java:502)\n\tat java.base/java.util.stream.AbstractPipeline.copyInto(AbstractPipeline.java:488)\n\tat java.base/java.util.stream.AbstractPipeline.wrapAndCopyInto(AbstractPipeline.java:474)\n\tat java.base/java.util.stream.FindOps$FindOp.evaluateSequential(FindOps.java:150)\n\tat java.base/java.util.stream.AbstractPipeline.evaluate(AbstractPipeline.java:234)\n\tat java.base/java.util.stream.ReferencePipeline.findFirst(ReferencePipeline.java:543)\n\tat org.openqa.selenium.remote.ProtocolHandshake.createSession(ProtocolHandshake.java:128)\n\tat org.openqa.selenium.remote.ProtocolHandshake.createSession(ProtocolHandshake.java:74)\n\tat org.openqa.selenium.remote.HttpCommandExecutor.execute(HttpCommandExecutor.java:136)\n\tat org.openqa.selenium.remote.service.DriverCommandExecutor.execute(DriverCommandExecutor.java:83)\n\tat org.openqa.selenium.remote.RemoteWebDriver.execute(RemoteWebDriver.java:552)\n\tat org.openqa.selenium.remote.RemoteWebDriver.startSession(RemoteWebDriver.java:213)\n\tat org.openqa.selenium.remote.RemoteWebDriver.<init>(RemoteWebDriver.java:131)\n\tat org.openqa.selenium.chrome.ChromeDriver.<init>(ChromeDriver.java:181)\n\tat org.openqa.selenium.chrome.ChromeDriver.<init>(ChromeDriver.java:168)\n\tat org.openqa.selenium.chrome.ChromeDriver.<init>(ChromeDriver.java:157)\n\tat lib.manager.driver_manager.ChromeDriverManager.createWebDriver(ChromeDriverManager.java:12)\n\tat lib.manager.driver_manager.DriverManager.getWebDriver(DriverManager.java:19)\n\tat lib.test_setup.TestSetup.setUpSuite(TestSetup.java:31)\n\tat java.base/jdk.internal.reflect.NativeMethodAccessorImpl.invoke0(Native Method)\n\tat java.base/jdk.internal.reflect.NativeMethodAccessorImpl.invoke(NativeMethodAccessorImpl.java:62)\n\tat java.base/jdk.internal.reflect.DelegatingMethodAccessorImpl.invoke(DelegatingMethodAccessorImpl.java:43)\n\tat java.base/java.lang.reflect.Method.invoke(Method.java:566)\n\tat org.testng.internal.MethodInvocationHelper.invokeMethod(MethodInvocationHelper.java:133)\n\tat org.testng.internal.MethodInvocationHelper.invokeMethodConsideringTimeout(MethodInvocationHelper.java:62)\n\tat org.testng.internal.ConfigInvoker.invokeConfigurationMethod(ConfigInvoker.java:340)\n\tat org.testng.internal.ConfigInvoker.invokeConfigurations(ConfigInvoker.java:294)\n\tat org.testng.SuiteRunner.privateRun(SuiteRunner.java:345)\n\tat org.testng.SuiteRunner.run(SuiteRunner.java:304)\n\tat org.testng.SuiteRunnerWorker.runSuite(SuiteRunnerWorker.java:53)\n\tat org.testng.SuiteRunnerWorker.run(SuiteRunnerWorker.java:96)\n\tat org.testng.TestNG.runSuitesSequentially(TestNG.java:1180)\n\tat org.testng.TestNG.runSuitesLocally(TestNG.java:1102)\n\tat org.testng.TestNG.runSuites(TestNG.java:1032)\n\tat org.testng.TestNG.run(TestNG.java:1000)\n\tat com.intellij.rt.testng.IDEARemoteTestNG.run(IDEARemoteTestNG.java:66)\n\tat com.intellij.rt.testng.RemoteTestNGStarter.main(RemoteTestNGStarter.java:109)\n",
    "steps" : [ ],
    "attachments" : [ ],
    "parameters" : [ ],
    "stepsCount" : 0,
    "attachmentsCount" : 0,
    "shouldDisplayMessage" : true,
    "hasContent" : true
  } ],
  "afterStages" : [ {
    "name" : "testClose",
    "time" : {
      "start" : 1607255360172,
      "stop" : 1607255360173,
      "duration" : 1
    },
    "description" : "",
    "status" : "broken",
    "steps" : [ ],
    "attachments" : [ ],
    "parameters" : [ ],
    "stepsCount" : 0,
    "attachmentsCount" : 0,
    "shouldDisplayMessage" : false,
    "hasContent" : false
  }, {
    "name" : "tearDown",
    "time" : {
      "start" : 1607255360361,
      "stop" : 1607255360362,
      "duration" : 1
    },
    "description" : "",
    "status" : "broken",
    "steps" : [ ],
    "attachments" : [ ],
    "parameters" : [ ],
    "stepsCount" : 0,
    "attachmentsCount" : 0,
    "shouldDisplayMessage" : false,
    "hasContent" : false
  } ],
  "labels" : [ {
    "name" : "package",
    "value" : "automation_practice.Tests"
  }, {
    "name" : "testClass",
    "value" : "automation_practice.Tests"
  }, {
    "name" : "testMethod",
    "value" : "sortProductsPriceASC"
  }, {
    "name" : "parentSuite",
    "value" : "Default Suite"
  }, {
    "name" : "suite",
    "value" : "tax"
  }, {
    "name" : "subSuite",
    "value" : "automation_practice.Tests"
  }, {
    "name" : "host",
    "value" : "MacBook-Pro-Adrian.local"
  }, {
    "name" : "thread",
    "value" : "1039@MacBook-Pro-Adrian.local.main(1)"
  }, {
    "name" : "framework",
    "value" : "testng"
  }, {
    "name" : "language",
    "value" : "java"
  }, {
    "name" : "resultFormat",
    "value" : "allure2"
  } ],
  "parameters" : [ ],
  "links" : [ ],
  "hidden" : true,
  "retry" : true,
  "extra" : {
    "categories" : [ ],
    "tags" : [ ]
  },
  "source" : "f182b210cf584109.json",
  "parameterValues" : [ ]
}